Log file open, 07/16/17 11:00:42
LogInit:Display: Running engine for game: BattleTank
LogPlatformFile: Not using cached read wrapper
LogInit:Display: RandInit(-762301147) SRandInit(-762301147).
LogTaskGraph: Started task graph with 5 named threads and 10 total threads with 1 sets of task threads.
LogStats: Stats thread started at 0.107231
LogInit: Using libcurl 7.47.1
LogInit:  - built for x86_64-pc-win32
LogInit:  - supports SSL with OpenSSL/1.0.2g
LogInit:  - supports HTTP deflate (compression) using libz 1.2.8
LogInit:  - other features:
LogInit:      CURL_VERSION_SSL
LogInit:      CURL_VERSION_LIBZ
LogInit:      CURL_VERSION_IPV6
LogInit:      CURL_VERSION_ASYNCHDNS
LogInit:      CURL_VERSION_LARGEFILE
LogInit:      CURL_VERSION_IDN
LogInit:  CurlRequestOptions (configurable via config and command line):
LogInit:  - bVerifyPeer = false  - Libcurl will NOT verify peer certificate
LogInit:  - bUseHttpProxy = false  - Libcurl will NOT use HTTP proxy
LogInit:  - bDontReuseConnections = false  - Libcurl will reuse connections
LogInit:  - CertBundlePath = nullptr  - Libcurl will use whatever was configured at build time.
LogInit: Build: ++UE4+Release-4.16-CL-3514769
LogInit: Engine Version: 4.16.2-3514769+++UE4+Release-4.16
LogInit: Compatible Engine Version: 4.16.0-3452394+++UE4+Release-4.16
LogInit: Net CL: 3452394
LogDevObjectVersion: Number of dev versions registered: 16
LogDevObjectVersion:   Dev-Blueprints (B0D832E4-1F89-4F0D-ACCF-7EB736FD4AA2): 9
LogDevObjectVersion:   Dev-Build (E1C64328-A22C-4D53-A36C-8E866417BD8C): 0
LogDevObjectVersion:   Dev-Core (375EC13C-06E4-48FB-B500-84F0262A717E): 2
LogDevObjectVersion:   Dev-Editor (E4B068ED-F494-42E9-A231-DA0B2E46BB41): 17
LogDevObjectVersion:   Dev-Framework (CFFC743F-43B0-4480-9391-14DF171D2073): 23
LogDevObjectVersion:   Dev-Mobile (B02B49B5-BB20-44E9-A304-32B752E40360): 0
LogDevObjectVersion:   Dev-Networking (A4E4105C-59A1-49B5-A7C5-40C4547EDFEE): 0
LogDevObjectVersion:   Dev-Online (39C831C9-5AE6-47DC-9A44-9C173E1C8E7C): 0
LogDevObjectVersion:   Dev-Physics (78F01B33-EBEA-4F98-B9B4-84EACCB95AA2): 0
LogDevObjectVersion:   Dev-Platform (6631380F-2D4D-43E0-8009-CF276956A95A): 0
LogDevObjectVersion:   Dev-Rendering (12F88B9F-8875-4AFC-A67C-D90C383ABD29): 15
LogDevObjectVersion:   Dev-Sequencer (7B5AE74C-D270-4C10-A958-57980B212A5A): 4
LogDevObjectVersion:   Dev-VR (D7296918-1DD6-4BDD-9DE2-64A83CC13884): 0
LogDevObjectVersion:   Dev-LoadTimes (C2A15278-BFE7-4AFE-6C17-90FF531DF755): 1
LogDevObjectVersion:   Private-Geometry (6EACA3D4-40EC-4CC1-B786-8BED09428FC5): 1
LogDevObjectVersion:   Dev-AnimPhys (29E575DD-E0A3-4627-9D10-D276232CDCEA): 3
LogInit: Compiled (64-bit): Jun 29 2017 02:03:24
LogInit: Compiled with Visual C++: 19.00.24215.01
LogInit: Build Configuration: Development
LogInit: Branch Name: ++UE4+Release-4.16
LogInit: Command line:  
LogInit: Base directory: D:/Program Files (x86)/Epic Games/UE_4.16/Engine/Binaries/Win64/
LogInit: Installed Engine Build: 1
LogInit: Presizing for max 8388607 objects, including 0 objects not considered by GC, pre-allocating 0 bytes for permanent pool.
LogInit: Object subsystem initialized
[2017.07.16-18.00.43:008][  0]LogInit: Selected Device Profile: [Windows]
[2017.07.16-18.00.43:008][  0]LogInit: Applying CVar settings loaded from the selected device profile: [Windows]
[2017.07.16-18.00.43:026][  0]LogInit: Computer: DESKTOP-8KPMQR7
[2017.07.16-18.00.43:026][  0]LogInit: User: pears
[2017.07.16-18.00.43:026][  0]LogInit: CPU Page size=4096, Cores=6
[2017.07.16-18.00.43:026][  0]LogInit: High frequency timer resolution =3.515624 MHz
[2017.07.16-18.00.43:026][  0]LogMemory: Memory total: Physical=63.9GB (64GB approx)
[2017.07.16-18.00.43:026][  0]LogMemory: Platform Memory Stats for Windows
[2017.07.16-18.00.43:026][  0]LogMemory: Process Physical Memory: 274.16 MB used, 274.16 MB peak
[2017.07.16-18.00.43:026][  0]LogMemory: Process Virtual Memory: 267.18 MB used, 267.18 MB peak
[2017.07.16-18.00.43:026][  0]LogMemory: Physical Memory: 8146.02 MB used,  57286.91 MB free, 65432.92 MB total
[2017.07.16-18.00.43:026][  0]LogMemory: Virtual Memory: 633.75 MB used,  57286.91 MB free, 134217728.00 MB total
[2017.07.16-18.00.43:111][  0]LogInit: Using OS detected language (en-US).
[2017.07.16-18.00.43:111][  0]LogInit: Using OS detected locale (en-US).
[2017.07.16-18.00.43:115][  0]LogTextLocalizationManager: No specific localization for 'en-US' exists, so the 'en' localization will be used.
[2017.07.16-18.00.44:103][  0]LogD3D11RHI: D3D11 adapters:
[2017.07.16-18.00.44:892][  0]LogD3D11RHI:    0. 'NVIDIA GeForce GTX 1080' (Feature Level 11_0)
[2017.07.16-18.00.44:892][  0]LogD3D11RHI:       7873/0/32716 MB DedicatedVideo/DedicatedSystem/SharedSystem, Outputs:2, VendorId:0x10de
[2017.07.16-18.00.44:894][  0]LogD3D11RHI:    1. 'Microsoft Basic Render Driver' (Feature Level 11_0)
[2017.07.16-18.00.44:894][  0]LogD3D11RHI:       0/0/32716 MB DedicatedVideo/DedicatedSystem/SharedSystem, Outputs:0, VendorId:0x1414
[2017.07.16-18.00.44:894][  0]LogD3D11RHI: Chosen D3D11 Adapter: 0
[2017.07.16-18.00.44:900][  0]LogD3D11RHI: Creating new Direct3DDevice
[2017.07.16-18.00.44:900][  0]LogD3D11RHI:     GPU DeviceId: 0x1b80 (for the marketing name, search the web for "GPU Device Id")
[2017.07.16-18.00.44:900][  0]LogWindows: EnumDisplayDevices:
[2017.07.16-18.00.44:900][  0]LogWindows:    0. 'NVIDIA GeForce GTX 1080' (P:1 D:1)
[2017.07.16-18.00.44:901][  0]LogWindows:    1. 'NVIDIA GeForce GTX 1080' (P:0 D:1)
[2017.07.16-18.00.44:901][  0]LogWindows:    2. 'NVIDIA GeForce GTX 1080' (P:0 D:0)
[2017.07.16-18.00.44:901][  0]LogWindows:    3. 'NVIDIA GeForce GTX 1080' (P:0 D:0)
[2017.07.16-18.00.44:901][  0]LogWindows: DebugString: FoundDriverCount:4 
[2017.07.16-18.00.44:901][  0]LogD3D11RHI:     Adapter Name: NVIDIA GeForce GTX 1080
[2017.07.16-18.00.44:901][  0]LogD3D11RHI:   Driver Version: 384.76 (internal:22.21.13.8476, unified:384.76)
[2017.07.16-18.00.44:901][  0]LogD3D11RHI:      Driver Date: 6-27-2017
[2017.07.16-18.00.44:901][  0]LogRHI: Texture pool is 1361 MB (70% of 1945 MB)
[2017.07.16-18.00.45:554][  0]LogD3D11RHI: Async texture creation enabled
[2017.07.16-18.00.45:599][  0]LogD3D11RHI: GPU Timing Frequency: 1000.000000 (Debug: 2 1)
[2017.07.16-18.00.45:695][  0]LogShaderCompilers: Guid format shader working directory is -4 characters bigger than the processId version (C:/Users/pears/Desktop/Tank2/TankFight/BattleTank/Intermediate/Shaders/WorkingDirectory/10784/).
[2017.07.16-18.00.45:696][  0]LogShaderCompilers: Cleaned the shader compiler working directory 'C:/Users/pears/AppData/Local/Temp/UnrealShaderWorkingDir/DAE70B36411EE9B5755B8B94390BA2E8/'.
[2017.07.16-18.00.45:696][  0]LogShaderCompilers:Display: Using Local Shader Compiler.
[2017.07.16-18.00.46:797][  0]LogTemp:Display: Loaded TP AllDesktopTargetPlatform
[2017.07.16-18.00.46:835][  0]LogTemp:Display: Loaded TP MacClientTargetPlatform
[2017.07.16-18.00.46:873][  0]LogTemp:Display: Loaded TP MacNoEditorTargetPlatform
[2017.07.16-18.00.46:911][  0]LogTemp:Display: Loaded TP MacServerTargetPlatform
[2017.07.16-18.00.46:950][  0]LogTemp:Display: Loaded TP MacTargetPlatform
[2017.07.16-18.00.46:988][  0]LogTemp:Display: Loaded TP WindowsClientTargetPlatform
[2017.07.16-18.00.47:027][  0]LogTemp:Display: Loaded TP WindowsNoEditorTargetPlatform
[2017.07.16-18.00.47:066][  0]LogTemp:Display: Loaded TP WindowsServerTargetPlatform
[2017.07.16-18.00.47:099][  0]LogTemp:Display: Loaded TP WindowsTargetPlatform
[2017.07.16-18.00.47:137][  0]LogTemp:Display: Loaded TP AndroidTargetPlatform
[2017.07.16-18.00.47:174][  0]LogTemp:Display: Loaded TP Android_ASTCTargetPlatform
[2017.07.16-18.00.47:211][  0]LogTemp:Display: Loaded TP Android_ATCTargetPlatform
[2017.07.16-18.00.47:248][  0]LogTemp:Display: Loaded TP Android_DXTTargetPlatform
[2017.07.16-18.00.47:284][  0]LogTemp:Display: Loaded TP Android_ETC1TargetPlatform
[2017.07.16-18.00.47:321][  0]LogTemp:Display: Loaded TP Android_ETC2TargetPlatform
[2017.07.16-18.00.47:393][  0]LogTemp:Display: Loaded TP Android_MultiTargetPlatform
[2017.07.16-18.00.47:393][  0]LogTemp:Display: Loaded TP Android_PVRTCTargetPlatform
[2017.07.16-18.00.47:422][  0]LogTemp:Display: Loaded TP HTML5TargetPlatform
[2017.07.16-18.00.47:495][  0]LogTemp:Display: Loaded TP IOSTargetPlatform
[2017.07.16-18.00.47:517][  0]LogTemp:Display: Loaded TP TVOSTargetPlatform
[2017.07.16-18.00.47:553][  0]LogTemp:Display: Loaded TP LinuxClientTargetPlatform
[2017.07.16-18.00.47:589][  0]LogTemp:Display: Loaded TP LinuxNoEditorTargetPlatform
[2017.07.16-18.00.47:625][  0]LogTemp:Display: Loaded TP LinuxServerTargetPlatform
[2017.07.16-18.00.47:662][  0]LogTemp:Display: Loaded TP LinuxTargetPlatform
[2017.07.16-18.00.47:662][  0]LogTargetPlatformManager:Display: Building Assets For Windows
[2017.07.16-18.00.48:017][  0]LogDerivedDataCache:Display: Max Cache Size: 512 MB
[2017.07.16-18.00.48:113][  0]LogDerivedDataCache: Loaded boot cache 0.10s 90MB C:/Users/pears/AppData/Local/UnrealEngine/4.16/DerivedDataCache/Boot.ddc.
[2017.07.16-18.00.48:113][  0]LogDerivedDataCache:Display: Loaded Boot cache: C:/Users/pears/AppData/Local/UnrealEngine/4.16/DerivedDataCache/Boot.ddc
[2017.07.16-18.00.48:113][  0]LogDerivedDataCache: FDerivedDataBackendGraph:  Pak pak cache file C:/Users/pears/Desktop/Tank2/TankFight/BattleTank/DerivedDataCache/DDC.ddp not found, will not use a pak cache.
[2017.07.16-18.00.48:114][  0]LogDerivedDataCache: Unable to find inner node Pak for hierarchical cache Hierarchy.
[2017.07.16-18.00.48:114][  0]LogDerivedDataCache: FDerivedDataBackendGraph:  CompressedPak pak cache file C:/Users/pears/Desktop/Tank2/TankFight/BattleTank/DerivedDataCache/Compressed.ddp not found, will not use a pak cache.
[2017.07.16-18.00.48:114][  0]LogDerivedDataCache: Unable to find inner node CompressedPak for hierarchical cache Hierarchy.
[2017.07.16-18.00.48:129][  0]LogDerivedDataCache:Display: Pak cache opened for reading ../../../Engine/DerivedDataCache/Compressed.ddp.
[2017.07.16-18.00.48:141][  0]LogDerivedDataCache: Using Local data cache path C:/Users/pears/AppData/Local/UnrealEngine/Common/DerivedDataCache: Writable
[2017.07.16-18.00.48:149][  0]LogMaterial: Verifying Global Shaders for PCD3D_SM5
[2017.07.16-18.00.48:149][  0]LogSlate: Using Freetype 2.6.0
[2017.07.16-18.00.48:150][  0]LogSlate: SlateFontCache - WITH_FREETYPE: 1, WITH_HARFBUZZ: 1
[2017.07.16-18.00.48:150][  0]LogSlate: SlateFontCache - WITH_FREETYPE: 1, WITH_HARFBUZZ: 1
[2017.07.16-18.00.48:440][  0]LogInit: Selected Device Profile: [Windows]
[2017.07.16-18.00.48:556][  0]LogContentStreaming: Texture pool size is 0.00 MB
[2017.07.16-18.00.48:686][  0]LogMeshUtilities: Using QuadricMeshReduction for automatic static mesh reduction
[2017.07.16-18.00.48:717][  0]LogSimplygon: Simplygon DLL not present - disabling.
[2017.07.16-18.00.48:754][  0]LogMeshUtilities: Using SimplygonSwarm for distributed automatic mesh merging
[2017.07.16-18.00.48:754][  0]LogMeshUtilities: No automatic skeletal mesh reduction module available
[2017.07.16-18.00.48:754][  0]LogMeshUtilities: No automatic mesh merging module available
[2017.07.16-18.00.49:275][  0]LogNetVersion: BattleTank , NetCL: 3452394, EngineNetVer: 2, GameNetVer: 0 (Checksum: 4114001466)
[2017.07.16-18.00.49:330][  0]LogAssetRegistry: FAssetRegistry took 0.0247 seconds to start up
[2017.07.16-18.00.49:384][  0]LogPackageLocalizationCache: Processed 4 localized package path(s) for 2 prioritized culture(s) in 0.038973 seconds
[2017.07.16-18.00.49:389][  0]LogUObjectArray: 34194 objects as part of root set at end of initial load.
[2017.07.16-18.00.49:389][  0]LogUObjectAllocator: 7260424 out of 0 bytes used by permanent object pool.
[2017.07.16-18.00.49:389][  0]LogUObjectArray: CloseDisregardForGC: 0/0 objects in disregard for GC pool
[2017.07.16-18.00.49:431][  0]LogInit: WinSock: version 1.1 (2.2), MaxSocks=32767, MaxUdp=65467
[2017.07.16-18.00.51:410][  0]LogTcpMessaging: Initializing TcpMessaging bridge
[2017.07.16-18.00.51:444][  0]LogUdpMessaging: Initializing bridge on interface 0.0.0.0:0 to multicast group 230.0.0.1:6666.
[2017.07.16-18.00.51:963][  0]LogMaterial: Uniform references updated for custom material expression Custom.
[2017.07.16-18.00.52:283][  0]SourceControl: Info Source control is disabled
[2017.07.16-18.00.52:381][  0]SourceControl: Info Source control is disabled
[2017.07.16-18.00.52:421][  0]SourceControl: Info Source control is disabled
[2017.07.16-18.00.52:456][  0]SourceControl: Info Source control is disabled
[2017.07.16-18.00.52:971][  0]LogAndroidPermission: UAndroidPermissionCallbackProxy::GetInstance
[2017.07.16-18.00.53:437][  0]LogEngine: Initializing Engine...
[2017.07.16-18.00.53:438][  0]LogHMD: Failed to initialize OpenVR with code 110
[2017.07.16-18.00.53:662][  0]LogStats: UGameplayTagsManager::ConstructGameplayTagTree: Construct from data asset -  0.000 s
[2017.07.16-18.00.53:662][  0]LogStats: UGameplayTagsManager::ConstructGameplayTagTree: GameplayTagTreeChangedEvent.Broadcast -  0.000 s
[2017.07.16-18.00.53:772][  0]LogAIModule: Creating AISystem for world Untitled
[2017.07.16-18.00.53:783][  0]LogInit: XAudio2 using 'Speakers / Headphones (Plantronics HD1)' : 6 channels at 48 kHz using 24 bits per sample (channel mask 0x3f)
[2017.07.16-18.00.53:797][  0]LogInit: FAudioDevice initialized.
[2017.07.16-18.00.53:840][  0]LogDerivedDataCache: Saved boot cache 0.04s 90MB C:/Users/pears/AppData/Local/UnrealEngine/4.16/DerivedDataCache/Boot.ddc.
[2017.07.16-18.00.53:849][  0]LogInit: Texture streaming: Enabled
[2017.07.16-18.00.53:913][  0]LogEngineSessionManager: EngineSessionManager initialized
[2017.07.16-18.00.54:076][  0]LogInit: Transaction tracking system initialized
[2017.07.16-18.00.54:289][  0]BlueprintLog: New page: Editor Load
[2017.07.16-18.00.54:932][  0]LocalizationService: Info Localization service is disabled
[2017.07.16-18.00.55:414][  0]LogConsoleResponse:Display: 
[2017.07.16-18.00.55:557][  0]LogCook:Display: Max memory allowance for cook 16384mb min free memory 0mb
[2017.07.16-18.00.55:557][  0]LogCook:Display: Mobile HDR setting 1
[2017.07.16-18.00.56:310][  0]LogFileCache: Scanning file cache for directory 'C:/Users/pears/Desktop/Tank2/TankFight/BattleTank/Content/' took 0.02s
[2017.07.16-18.00.56:310][  0]SourceControl: Info Source control is disabled
[2017.07.16-18.00.56:310][  0]Cmd: MAP LOAD FILE="C:/Users/pears/Desktop/Tank2/TankFight/BattleTank/Content/Levels/Battlefield.umap" TEMPLATE=0 SHOWPROGRESS=1 FEATURELEVEL=3
[2017.07.16-18.00.56:311][  0]LightingResults: New page: Lighting Build
[2017.07.16-18.00.56:340][  0]MapCheck: New page: Map Check
[2017.07.16-18.00.56:340][  0]LightingResults: New page: Lighting Build
[2017.07.16-18.00.56:711][  0]LogAIModule: Creating AISystem for world Battlefield
[2017.07.16-18.00.56:743][  0]LogEditorServer: Finished looking for orphan Actors (0.000 secs)
[2017.07.16-18.00.56:812][  0]Cmd: MAP CHECKDEP NOCLEARLOG
[2017.07.16-18.00.56:860][  0]MapCheck: Info Map check complete: 0 Error(s), 0 Warning(s), took 47.975ms to complete.
[2017.07.16-18.00.56:860][  0]LogFileHelpers: Loading map 'Battlefield' took 0.550
[2017.07.16-18.00.57:099][  0]LogCollectionManager: Loaded 0 collections in 0.001114 seconds
[2017.07.16-18.00.57:175][  0]LogFileCache: Scanning file cache for directory 'C:/Users/pears/Desktop/Tank2/TankFight/BattleTank/Saved/Collections/' took 0.01s
[2017.07.16-18.00.57:175][  0]LogFileCache: Scanning file cache for directory 'C:/Users/pears/Desktop/Tank2/TankFight/BattleTank/Content/Developers/pears/Collections/' took 0.01s
[2017.07.16-18.00.57:175][  0]LogFileCache: Scanning file cache for directory 'C:/Users/pears/Desktop/Tank2/TankFight/BattleTank/Content/Collections/' took 0.01s
[2017.07.16-18.00.57:175][  0]LogCollectionManager: Rebuilt the GUID cache for 0 collections in 0.000002 seconds
[2017.07.16-18.00.57:186][  0]LogContentBrowser: Native class hierarchy populated in 0.0102 seconds. Added 2341 classes and 496 folders.
[2017.07.16-18.00.57:233][  0]LogContentBrowser: Native class hierarchy updated for 'WidgetCarousel' in 0.0028 seconds. Added 0 classes and 0 folders.
[2017.07.16-18.00.57:276][  0]LogContentBrowser: Native class hierarchy updated for 'AddContentDialog' in 0.0029 seconds. Added 0 classes and 0 folders.
[2017.07.16-18.00.57:305][  0]LogCrashTracker: Crashtracker disabled due to settings.
[2017.07.16-18.00.57:311][  0]LogSlate: Took 0.000181 seconds to synchronously load lazily loaded font '../../../Engine/Content/Slate/Fonts/Roboto-Regular.ttf' (155K)
[2017.07.16-18.00.57:314][  0]LogSlate: Took 0.000166 seconds to synchronously load lazily loaded font '../../../Engine/Content/Slate/Fonts/Roboto-Bold.ttf' (160K)
[2017.07.16-18.00.57:316][  0]LogSlate: Took 0.000153 seconds to synchronously load lazily loaded font '../../../Engine/Content/Editor/Slate/Fonts/FontAwesome.ttf' (139K)
[2017.07.16-18.00.57:318][  0]LogSlate: Took 0.000129 seconds to synchronously load lazily loaded font '../../../Engine/Content/Editor/Slate/Fonts/DroidSansMono.ttf' (77K)
[2017.07.16-18.00.57:397][  0]LogRenderer: Reallocating scene render targets to support 1640x992 NumSamples 1 (Frame:1).
[2017.07.16-18.00.57:624][  0]LogUObjectGlobals:Warning: Failed to find object 'Class None.'
[2017.07.16-18.00.57:705][  0]LogContentBrowser: Native class hierarchy updated for 'HierarchicalLODOutliner' in 0.0033 seconds. Added 1 classes and 2 folders.
[2017.07.16-18.00.57:705][  0]LogLoad: (Engine Initialization) Total time: 16.56 seconds
[2017.07.16-18.00.57:706][  0]LogLoad: (Engine Initialization) Total Blueprint compile time: 0.09 seconds
[2017.07.16-18.00.57:706][  0]LogExternalProfiler: Found external profiler: VSPerf
[2017.07.16-18.00.57:706][  0]LogExternalProfiler: Using external profiler: VSPerf
[2017.07.16-18.00.57:715][  0]LogWindowsTextInputMethodSystem:Display: IME system now deactivated.
[2017.07.16-18.00.57:717][  0]LogOcInput: OculusInput pre-init called
[2017.07.16-18.00.57:718][  0]LogHMD: Starting GearVRController plugin
[2017.07.16-18.00.57:734][  0]LogAssetRegistry: Asset discovery search completed in 8.4257 seconds
[2017.07.16-18.00.57:736][  0]LogCollectionManager: Rebuilt the object cache for 0 collections in 0.000001 seconds (found 0 objects)
[2017.07.16-18.00.57:736][  0]LogCollectionManager: Fixed up redirectors for 0 collections in 0.000149 seconds (updated 0 objects)
[2017.07.16-18.00.57:739][  0]LogContentStreaming: Texture pool size now 1000 MB
[2017.07.16-18.00.59:122][138]LogTemp: Repeting last play command: Selected Viewport
[2017.07.16-18.00.59:147][138]LogBlueprintUserMessages: Early PlayInEditor Detection: Level '/Game/Levels/Battlefield.Battlefield:PersistentLevel' has LevelScriptBlueprint '/Game/Levels/Battlefield.Battlefield:PersistentLevel.Battlefield' with GeneratedClass '/Game/Levels/Battlefield.Battlefield_C' with ClassGeneratedBy '/Game/Levels/Battlefield.Battlefield:PersistentLevel.Battlefield'
[2017.07.16-18.00.59:147][138]LogPlayLevel: PlayLevel: No blueprints needed recompiling
[2017.07.16-18.00.59:147][138]PIE: New page: PIE session: Battlefield (Jul 16, 2017, 4:00:59 AM)
[2017.07.16-18.00.59:147][138]LogPlayLevel: Creating play world package: /Game/Levels/UEDPIE_0_Battlefield
[2017.07.16-18.00.59:224][138]LogPlayLevel: PIE: StaticDuplicateObject took: (0.076429s)
[2017.07.16-18.00.59:225][138]LogAIModule: Creating AISystem for world Battlefield
[2017.07.16-18.00.59:225][138]LogPlayLevel: PIE: World Init took: (0.000727s)
[2017.07.16-18.00.59:225][138]LogPlayLevel: PIE: Created PIE world by copying editor world from /Game/Levels/Battlefield.Battlefield to /Game/Levels/UEDPIE_0_Battlefield.Battlefield (0.077620s)
[2017.07.16-18.00.59:247][138]LogInit: XAudio2 using 'Speakers / Headphones (Plantronics HD1)' : 6 channels at 48 kHz using 24 bits per sample (channel mask 0x3f)
[2017.07.16-18.00.59:258][138]LogInit: FAudioDevice initialized.
[2017.07.16-18.00.59:300][138]LogLoad: Game class is 'BattleTankGameMode_BP_C'
[2017.07.16-18.00.59:307][138]LogWorld: Bringing World /Game/Levels/UEDPIE_0_Battlefield.Battlefield up for play (max tick rate 0) at 2017.07.16-11.00.59
[2017.07.16-18.00.59:307][138]LogWorld: Bringing up level for play took: 0.004482
[2017.07.16-18.00.59:340][138]LogContentBrowser: Native class hierarchy updated for 'MovieSceneCapture' in 0.0029 seconds. Added 11 classes and 0 folders.
[2017.07.16-18.00.59:343][138]PIE: Info Play in editor start time for /Game/Levels/UEDPIE_0_Battlefield -0.696
[2017.07.16-18.00.59:343][138]LogBlueprintUserMessages: Late PlayInEditor Detection: Level '/Game/Levels/Battlefield.Battlefield:PersistentLevel' has LevelScriptBlueprint '/Game/Levels/Battlefield.Battlefield:PersistentLevel.Battlefield' with GeneratedClass '/Game/Levels/Battlefield.Battlefield_C' with ClassGeneratedBy '/Game/Levels/Battlefield.Battlefield:PersistentLevel.Battlefield'
[2017.07.16-18.00.59:694][176]LogTemp:Warning: Im Hit
[2017.07.16-18.00.59:768][185]LogTemp:Warning: Im Hit
[2017.07.16-18.00.59:839][193]LogTemp:Warning: Im Hit
[2017.07.16-18.00.59:864][196]LogTemp:Warning: Im Hit
[2017.07.16-18.00.59:873][197]LogTemp:Warning: Im Hit
[2017.07.16-18.01.00:014][214]LogTemp:Warning: Im Hit
[2017.07.16-18.01.00:022][215]LogTemp:Warning: Im Hit
[2017.07.16-18.01.00:031][216]LogTemp:Warning: Im Hit
[2017.07.16-18.01.00:039][217]LogTemp:Warning: Im Hit
[2017.07.16-18.01.00:047][218]LogTemp:Warning: Im Hit
[2017.07.16-18.01.00:056][219]LogTemp:Warning: Im Hit
[2017.07.16-18.01.00:056][219]LogTemp:Warning: Im Hit
[2017.07.16-18.01.00:064][220]LogTemp:Warning: Im Hit
[2017.07.16-18.01.00:064][220]LogTemp:Warning: Im Hit
[2017.07.16-18.01.00:072][221]LogTemp:Warning: Im Hit
[2017.07.16-18.01.00:072][221]LogTemp:Warning: Im Hit
[2017.07.16-18.01.00:081][222]LogTemp:Warning: Im Hit
[2017.07.16-18.01.00:081][222]LogTemp:Warning: Im Hit
[2017.07.16-18.01.00:089][223]LogTemp:Warning: Im Hit
[2017.07.16-18.01.00:089][223]LogTemp:Warning: Im Hit
[2017.07.16-18.01.00:098][224]LogTemp:Warning: Im Hit
[2017.07.16-18.01.00:098][224]LogTemp:Warning: Im Hit
[2017.07.16-18.01.00:106][225]LogTemp:Warning: Im Hit
[2017.07.16-18.01.00:106][225]LogTemp:Warning: Im Hit
[2017.07.16-18.01.00:114][226]LogTemp:Warning: Im Hit
[2017.07.16-18.01.00:114][226]LogTemp:Warning: Im Hit
[2017.07.16-18.01.00:122][227]LogTemp:Warning: Im Hit
[2017.07.16-18.01.00:123][227]LogTemp:Warning: Im Hit
[2017.07.16-18.01.00:131][228]LogTemp:Warning: Im Hit
[2017.07.16-18.01.00:131][228]LogTemp:Warning: Im Hit
[2017.07.16-18.01.00:139][229]LogTemp:Warning: Im Hit
[2017.07.16-18.01.00:139][229]LogTemp:Warning: Im Hit
[2017.07.16-18.01.00:147][230]LogTemp:Warning: Im Hit
[2017.07.16-18.01.00:147][230]LogTemp:Warning: Im Hit
[2017.07.16-18.01.00:156][231]LogTemp:Warning: Im Hit
[2017.07.16-18.01.00:156][231]LogTemp:Warning: Im Hit
[2017.07.16-18.01.00:164][232]LogTemp:Warning: Im Hit
[2017.07.16-18.01.00:164][232]LogTemp:Warning: Im Hit
[2017.07.16-18.01.00:172][233]LogTemp:Warning: Im Hit
[2017.07.16-18.01.00:172][233]LogTemp:Warning: Im Hit
[2017.07.16-18.01.00:181][234]LogTemp:Warning: Im Hit
[2017.07.16-18.01.00:181][234]LogTemp:Warning: Im Hit
[2017.07.16-18.01.00:190][235]LogTemp:Warning: Im Hit
[2017.07.16-18.01.00:190][235]LogTemp:Warning: Im Hit
[2017.07.16-18.01.00:197][236]LogTemp:Warning: Im Hit
[2017.07.16-18.01.00:197][236]LogTemp:Warning: Im Hit
[2017.07.16-18.01.00:206][237]LogTemp:Warning: Im Hit
[2017.07.16-18.01.00:206][237]LogTemp:Warning: Im Hit
[2017.07.16-18.01.00:214][238]LogTemp:Warning: Im Hit
[2017.07.16-18.01.00:214][238]LogTemp:Warning: Im Hit
[2017.07.16-18.01.00:222][239]LogTemp:Warning: Im Hit
[2017.07.16-18.01.00:222][239]LogTemp:Warning: Im Hit
[2017.07.16-18.01.00:231][240]LogTemp:Warning: Im Hit
[2017.07.16-18.01.00:231][240]LogTemp:Warning: Im Hit
[2017.07.16-18.01.00:239][241]LogTemp:Warning: Im Hit
[2017.07.16-18.01.00:239][241]LogTemp:Warning: Im Hit
[2017.07.16-18.01.00:247][242]LogTemp:Warning: Im Hit
[2017.07.16-18.01.00:247][242]LogTemp:Warning: Im Hit
[2017.07.16-18.01.00:255][243]LogTemp:Warning: Im Hit
[2017.07.16-18.01.00:256][243]LogTemp:Warning: Im Hit
[2017.07.16-18.01.00:264][244]LogTemp:Warning: Im Hit
[2017.07.16-18.01.00:264][244]LogTemp:Warning: Im Hit
[2017.07.16-18.01.00:272][245]LogTemp:Warning: Im Hit
[2017.07.16-18.01.00:272][245]LogTemp:Warning: Im Hit
[2017.07.16-18.01.00:272][245]LogTemp:Warning: Im Hit
[2017.07.16-18.01.00:280][246]LogTemp:Warning: Im Hit
[2017.07.16-18.01.00:281][246]LogTemp:Warning: Im Hit
[2017.07.16-18.01.00:289][247]LogTemp:Warning: Im Hit
[2017.07.16-18.01.00:289][247]LogTemp:Warning: Im Hit
[2017.07.16-18.01.00:297][248]LogTemp:Warning: Im Hit
[2017.07.16-18.01.00:297][248]LogTemp:Warning: Im Hit
[2017.07.16-18.01.00:305][249]LogTemp:Warning: Im Hit
[2017.07.16-18.01.00:306][249]LogTemp:Warning: Im Hit
[2017.07.16-18.01.00:314][250]LogTemp:Warning: Im Hit
[2017.07.16-18.01.00:314][250]LogTemp:Warning: Im Hit
[2017.07.16-18.01.00:322][251]LogTemp:Warning: Im Hit
[2017.07.16-18.01.00:322][251]LogTemp:Warning: Im Hit
[2017.07.16-18.01.00:330][252]LogTemp:Warning: Im Hit
[2017.07.16-18.01.00:331][252]LogTemp:Warning: Im Hit
[2017.07.16-18.01.00:339][253]LogTemp:Warning: Im Hit
[2017.07.16-18.01.00:339][253]LogTemp:Warning: Im Hit
[2017.07.16-18.01.00:347][254]LogTemp:Warning: Im Hit
[2017.07.16-18.01.00:347][254]LogTemp:Warning: Im Hit
[2017.07.16-18.01.00:355][255]LogTemp:Warning: Im Hit
[2017.07.16-18.01.00:356][255]LogTemp:Warning: Im Hit
[2017.07.16-18.01.00:364][256]LogTemp:Warning: Im Hit
[2017.07.16-18.01.00:364][256]LogTemp:Warning: Im Hit
[2017.07.16-18.01.00:372][257]LogTemp:Warning: Im Hit
[2017.07.16-18.01.00:372][257]LogTemp:Warning: Im Hit
[2017.07.16-18.01.00:380][258]LogTemp:Warning: Im Hit
[2017.07.16-18.01.00:380][258]LogTemp:Warning: Im Hit
[2017.07.16-18.01.00:389][259]LogTemp:Warning: Im Hit
[2017.07.16-18.01.00:389][259]LogTemp:Warning: Im Hit
[2017.07.16-18.01.00:398][260]LogTemp:Warning: Im Hit
[2017.07.16-18.01.00:398][260]LogTemp:Warning: Im Hit
[2017.07.16-18.01.00:406][261]LogTemp:Warning: Im Hit
[2017.07.16-18.01.00:406][261]LogTemp:Warning: Im Hit
[2017.07.16-18.01.00:414][262]LogTemp:Warning: Im Hit
[2017.07.16-18.01.00:414][262]LogTemp:Warning: Im Hit
[2017.07.16-18.01.00:422][263]LogTemp:Warning: Im Hit
[2017.07.16-18.01.00:422][263]LogTemp:Warning: Im Hit
[2017.07.16-18.01.00:431][264]LogTemp:Warning: Im Hit
[2017.07.16-18.01.00:431][264]LogTemp:Warning: Im Hit
[2017.07.16-18.01.00:439][265]LogTemp:Warning: Im Hit
[2017.07.16-18.01.00:439][265]LogTemp:Warning: Im Hit
[2017.07.16-18.01.00:447][266]LogTemp:Warning: Im Hit
[2017.07.16-18.01.00:447][266]LogTemp:Warning: Im Hit
[2017.07.16-18.01.00:456][267]LogTemp:Warning: Im Hit
[2017.07.16-18.01.00:456][267]LogTemp:Warning: Im Hit
[2017.07.16-18.01.00:464][268]LogTemp:Warning: Im Hit
[2017.07.16-18.01.00:464][268]LogTemp:Warning: Im Hit
[2017.07.16-18.01.00:472][269]LogTemp:Warning: Im Hit
[2017.07.16-18.01.00:472][269]LogTemp:Warning: Im Hit
[2017.07.16-18.01.00:481][270]LogTemp:Warning: Im Hit
[2017.07.16-18.01.00:481][270]LogTemp:Warning: Im Hit
[2017.07.16-18.01.00:489][271]LogTemp:Warning: Im Hit
[2017.07.16-18.01.00:489][271]LogTemp:Warning: Im Hit
[2017.07.16-18.01.00:497][272]LogTemp:Warning: Im Hit
[2017.07.16-18.01.00:497][272]LogTemp:Warning: Im Hit
[2017.07.16-18.01.00:506][273]LogTemp:Warning: Im Hit
[2017.07.16-18.01.00:506][273]LogTemp:Warning: Im Hit
[2017.07.16-18.01.00:514][274]LogTemp:Warning: Im Hit
[2017.07.16-18.01.00:514][274]LogTemp:Warning: Im Hit
[2017.07.16-18.01.00:522][275]LogTemp:Warning: Im Hit
[2017.07.16-18.01.00:522][275]LogTemp:Warning: Im Hit
[2017.07.16-18.01.00:531][276]LogTemp:Warning: Im Hit
[2017.07.16-18.01.00:531][276]LogTemp:Warning: Im Hit
[2017.07.16-18.01.00:539][277]LogTemp:Warning: Im Hit
[2017.07.16-18.01.00:539][277]LogTemp:Warning: Im Hit
[2017.07.16-18.01.00:547][278]LogTemp:Warning: Im Hit
[2017.07.16-18.01.00:547][278]LogTemp:Warning: Im Hit
[2017.07.16-18.01.00:556][279]LogTemp:Warning: Im Hit
[2017.07.16-18.01.00:556][279]LogTemp:Warning: Im Hit
[2017.07.16-18.01.00:564][280]LogTemp:Warning: Im Hit
[2017.07.16-18.01.00:564][280]LogTemp:Warning: Im Hit
[2017.07.16-18.01.00:572][281]LogTemp:Warning: Im Hit
[2017.07.16-18.01.00:572][281]LogTemp:Warning: Im Hit
[2017.07.16-18.01.00:581][282]LogTemp:Warning: Im Hit
[2017.07.16-18.01.00:581][282]LogTemp:Warning: Im Hit
[2017.07.16-18.01.00:589][283]LogTemp:Warning: Im Hit
[2017.07.16-18.01.00:589][283]LogTemp:Warning: Im Hit
[2017.07.16-18.01.00:597][284]LogTemp:Warning: Im Hit
[2017.07.16-18.01.00:597][284]LogTemp:Warning: Im Hit
[2017.07.16-18.01.00:597][284]LogTemp:Warning: Im Hit
[2017.07.16-18.01.00:606][285]LogTemp:Warning: Im Hit
[2017.07.16-18.01.00:606][285]LogTemp:Warning: Im Hit
[2017.07.16-18.01.00:614][286]LogTemp:Warning: Im Hit
[2017.07.16-18.01.00:614][286]LogTemp:Warning: Im Hit
[2017.07.16-18.01.00:622][287]LogTemp:Warning: Im Hit
[2017.07.16-18.01.00:622][287]LogTemp:Warning: Im Hit
[2017.07.16-18.01.00:631][288]LogTemp:Warning: Im Hit
[2017.07.16-18.01.00:631][288]LogTemp:Warning: Im Hit
[2017.07.16-18.01.00:631][288]LogTemp:Warning: Im Hit
[2017.07.16-18.01.00:639][289]LogTemp:Warning: Im Hit
[2017.07.16-18.01.00:639][289]LogTemp:Warning: Im Hit
[2017.07.16-18.01.00:647][290]LogTemp:Warning: Im Hit
[2017.07.16-18.01.00:647][290]LogTemp:Warning: Im Hit
[2017.07.16-18.01.00:655][291]LogTemp:Warning: Im Hit
[2017.07.16-18.01.00:656][291]LogTemp:Warning: Im Hit
[2017.07.16-18.01.00:656][291]LogTemp:Warning: Im Hit
[2017.07.16-18.01.00:664][292]LogTemp:Warning: Im Hit
[2017.07.16-18.01.00:664][292]LogTemp:Warning: Im Hit
[2017.07.16-18.01.00:672][293]LogTemp:Warning: Im Hit
[2017.07.16-18.01.00:672][293]LogTemp:Warning: Im Hit
[2017.07.16-18.01.00:680][294]LogTemp:Warning: Im Hit
[2017.07.16-18.01.00:681][294]LogTemp:Warning: Im Hit
[2017.07.16-18.01.00:689][295]LogTemp:Warning: Im Hit
[2017.07.16-18.01.00:689][295]LogTemp:Warning: Im Hit
[2017.07.16-18.01.00:689][295]LogTemp:Warning: Im Hit
[2017.07.16-18.01.00:697][296]LogTemp:Warning: Im Hit
[2017.07.16-18.01.00:697][296]LogTemp:Warning: Im Hit
[2017.07.16-18.01.00:705][297]LogTemp:Warning: Im Hit
[2017.07.16-18.01.00:706][297]LogTemp:Warning: Im Hit
[2017.07.16-18.01.00:714][298]LogTemp:Warning: Im Hit
[2017.07.16-18.01.00:714][298]LogTemp:Warning: Im Hit
[2017.07.16-18.01.00:722][299]LogTemp:Warning: Im Hit
[2017.07.16-18.01.00:722][299]LogTemp:Warning: Im Hit
[2017.07.16-18.01.00:730][300]LogTemp:Warning: Im Hit
[2017.07.16-18.01.00:730][300]LogTemp:Warning: Im Hit
[2017.07.16-18.01.00:739][301]LogTemp:Warning: Im Hit
[2017.07.16-18.01.00:739][301]LogTemp:Warning: Im Hit
[2017.07.16-18.01.00:747][302]LogTemp:Warning: Im Hit
[2017.07.16-18.01.00:747][302]LogTemp:Warning: Im Hit
[2017.07.16-18.01.00:747][302]LogTemp:Warning: Im Hit
[2017.07.16-18.01.00:755][303]LogTemp:Warning: Im Hit
[2017.07.16-18.01.00:755][303]LogTemp:Warning: Im Hit
[2017.07.16-18.01.00:756][303]LogTemp:Warning: Im Hit
[2017.07.16-18.01.00:764][304]LogTemp:Warning: Im Hit
[2017.07.16-18.01.00:764][304]LogTemp:Warning: Im Hit
[2017.07.16-18.01.00:764][304]LogTemp:Warning: Im Hit
[2017.07.16-18.01.00:764][304]LogBlueprintUserMessages: Early EndPlayMap Detection: Level '/Game/Levels/Battlefield.Battlefield:PersistentLevel' has LevelScriptBlueprint '/Game/Levels/Battlefield.Battlefield:PersistentLevel.Battlefield' with GeneratedClass '/Game/Levels/Battlefield.Battlefield_C' with ClassGeneratedBy '/Game/Levels/Battlefield.Battlefield:PersistentLevel.Battlefield'
[2017.07.16-18.01.00:799][304]LogBlueprintUserMessages: Late EndPlayMap Detection: Level '/Game/Levels/Battlefield.Battlefield:PersistentLevel' has LevelScriptBlueprint '/Game/Levels/Battlefield.Battlefield:PersistentLevel.Battlefield' with GeneratedClass '/Game/Levels/Battlefield.Battlefield_C' with ClassGeneratedBy '/Game/Levels/Battlefield.Battlefield:PersistentLevel.Battlefield'
[2017.07.16-18.01.01:521][375]LogWindowsTextInputMethodSystem:Display: IME system now deactivated.
[2017.07.16-18.01.01:529][375]LogWindowsTextInputMethodSystem:Display: IME system now deactivated.
[2017.07.16-18.01.01:704][376]Cmd: QUIT_EDITOR
[2017.07.16-18.01.02:296][376]LogExit: Preparing to exit.
[2017.07.16-18.01.02:640][376]LogExit: Editor shut down
[2017.07.16-18.01.02:642][376]LogExit: Transaction tracking system shut down
[2017.07.16-18.01.02:694][376]LogObj: Freed 0b from 0 cluster array pools.
[2017.07.16-18.01.02:694][376]LogExit: Object subsystem successfully closed.
[2017.07.16-18.01.02:962][376]LogD3D11RHI: Shutdown
[2017.07.16-18.01.02:962][376]LogD3D11RHI: CleanupD3DDevice
[2017.07.16-18.01.03:192][376]LogD3D11RHI: ~FD3D11DynamicRHI
[2017.07.16-18.01.03:200][376]LogModuleManager: Shutting down and abandoning module MovieSceneCapture (528)
[2017.07.16-18.01.03:200][376]LogModuleManager: Shutting down and abandoning module HierarchicalLODOutliner (526)
[2017.07.16-18.01.03:200][376]LogModuleManager: Shutting down and abandoning module CrashTracker (524)
[2017.07.16-18.01.03:200][376]LogModuleManager: Shutting down and abandoning module AddContentDialog (522)
[2017.07.16-18.01.03:200][376]LogDirectoryWatcher: A directory notification for 'D:/Program Files (x86)/Epic Games/UE_4.16/FeaturePacks/' was aborted.
[2017.07.16-18.01.03:201][376]LogModuleManager: Shutting down and abandoning module WidgetCarousel (521)
[2017.07.16-18.01.03:201][376]LogModuleManager: Shutting down and abandoning module EditorWidgets (518)
[2017.07.16-18.01.03:201][376]LogModuleManager: Shutting down and abandoning module CollectionManager (516)
[2017.07.16-18.01.03:201][376]LogDirectoryWatcher: A directory notification for 'C:/Users/pears/Desktop/Tank2/TankFight/BattleTank/Content/Collections/' was aborted.
[2017.07.16-18.01.03:201][376]LogDirectoryWatcher: A directory notification for 'C:/Users/pears/Desktop/Tank2/TankFight/BattleTank/Content/Developers/pears/Collections/' was aborted.
[2017.07.16-18.01.03:201][376]LogDirectoryWatcher: A directory notification for 'C:/Users/pears/Desktop/Tank2/TankFight/BattleTank/Saved/Collections/' was aborted.
[2017.07.16-18.01.03:201][376]LogModuleManager: Shutting down and abandoning module SceneOutliner (514)
[2017.07.16-18.01.03:201][376]LogModuleManager: Shutting down and abandoning module StatsViewer (512)
[2017.07.16-18.01.03:201][376]LogModuleManager: Shutting down and abandoning module FoliageEdit (510)
[2017.07.16-18.01.03:201][376]LogModuleManager: Shutting down and abandoning module LandscapeEditor (508)
[2017.07.16-18.01.03:201][376]LogModuleManager: Shutting down and abandoning module MeshPaintMode (506)
[2017.07.16-18.01.03:201][376]LogModuleManager: Shutting down and abandoning module SceneDepthPickerMode (504)
[2017.07.16-18.01.03:201][376]LogModuleManager: Shutting down and abandoning module ActorPickerMode (502)
[2017.07.16-18.01.03:201][376]LogModuleManager: Shutting down and abandoning module GeometryMode (500)
[2017.07.16-18.01.03:201][376]LogModuleManager: Shutting down and abandoning module TextureAlignMode (498)
[2017.07.16-18.01.03:201][376]LogModuleManager: Shutting down and abandoning module BspMode (496)
[2017.07.16-18.01.03:201][376]LogModuleManager: Shutting down and abandoning module HardwareSurvey (494)
[2017.07.16-18.01.03:201][376]LogModuleManager: Shutting down and abandoning module SequenceRecorderSections (492)
[2017.07.16-18.01.03:201][376]LogModuleManager: Shutting down and abandoning module AutomationWorker (490)
[2017.07.16-18.01.03:201][376]LogModuleManager: Shutting down and abandoning module MatineeToLevelSequence (488)
[2017.07.16-18.01.03:201][376]LogModuleManager: Shutting down and abandoning module LevelSequenceEditor (486)
[2017.07.16-18.01.03:201][376]LogModuleManager: Shutting down and abandoning module PlacementMode (485)
[2017.07.16-18.01.03:201][376]LogModuleManager: Shutting down and abandoning module WmfMediaFactory (482)
[2017.07.16-18.01.03:201][376]LogModuleManager: Shutting down and abandoning module WmfMediaEditor (480)
[2017.07.16-18.01.03:201][376]LogModuleManager: Shutting down and abandoning module AvfMediaFactory (478)
[2017.07.16-18.01.03:201][376]LogModuleManager: Shutting down and abandoning module AvfMediaEditor (476)
[2017.07.16-18.01.03:201][376]LogModuleManager: Shutting down and abandoning module AndroidMediaFactory (474)
[2017.07.16-18.01.03:201][376]LogModuleManager: Shutting down and abandoning module Media (473)
[2017.07.16-18.01.03:201][376]LogModuleManager: Shutting down and abandoning module AndroidMediaEditor (470)
[2017.07.16-18.01.03:201][376]LogModuleManager: Shutting down and abandoning module CharacterAI (468)
[2017.07.16-18.01.03:201][376]LogModuleManager: Shutting down and abandoning module AudioCapture (466)
[2017.07.16-18.01.03:201][376]LogModuleManager: Shutting down and abandoning module SequenceRecorder (465)
[2017.07.16-18.01.03:201][376]LogModuleManager: Shutting down and abandoning module SmartSnapping (462)
[2017.07.16-18.01.03:201][376]LogModuleManager: Shutting down and abandoning module SessionServices (460)
[2017.07.16-18.01.03:201][376]LogModuleManager: Shutting down and abandoning module ViewportSnapping (458)
[2017.07.16-18.01.03:201][376]LogModuleManager: Shutting down and abandoning module ViewportInteraction (456)
[2017.07.16-18.01.03:201][376]LogModuleManager: Shutting down and abandoning module ClothPainter (454)
[2017.07.16-18.01.03:201][376]LogModuleManager: Shutting down and abandoning module LogVisualizer (452)
[2017.07.16-18.01.03:201][376]LogModuleManager: Shutting down and abandoning module IntroTutorials (450)
[2017.07.16-18.01.03:201][376]LogModuleManager: Shutting down and abandoning module GameProjectGeneration (449)
[2017.07.16-18.01.03:201][376]LogModuleManager: Shutting down and abandoning module EditorLiveStreaming (446)
[2017.07.16-18.01.03:201][376]LogModuleManager: Shutting down and abandoning module IOSPlatformEditor (444)
[2017.07.16-18.01.03:201][376]LogModuleManager: Shutting down and abandoning module HTML5PlatformEditor (442)
[2017.07.16-18.01.03:201][376]LogModuleManager: Shutting down and abandoning module AndroidPlatformEditor (440)
[2017.07.16-18.01.03:201][376]LogModuleManager: Shutting down and abandoning module AndroidDeviceDetection (439)
[2017.07.16-18.01.04:172][376]LogModuleManager: Shutting down and abandoning module IOSRuntimeSettings (436)
[2017.07.16-18.01.04:172][376]LogModuleManager: Shutting down and abandoning module AndroidRuntimeSettings (434)
[2017.07.16-18.01.04:172][376]LogModuleManager: Shutting down and abandoning module InputBindingEditor (432)
[2017.07.16-18.01.04:172][376]LogModuleManager: Shutting down and abandoning module MergeActors (430)
[2017.07.16-18.01.04:172][376]LogModuleManager: Shutting down and abandoning module SizeMap (428)
[2017.07.16-18.01.04:172][376]LogModuleManager: Shutting down and abandoning module TreeMap (426)
[2017.07.16-18.01.04:172][376]LogModuleManager: Shutting down and abandoning module ReferenceViewer (424)
[2017.07.16-18.01.04:172][376]LogModuleManager: Shutting down and abandoning module LocalizationDashboard (422)
[2017.07.16-18.01.04:172][376]LogModuleManager: Shutting down and abandoning module LocalizationService (421)
[2017.07.16-18.01.04:172][376]LogModuleManager: Shutting down and abandoning module HardwareTargeting (418)
[2017.07.16-18.01.04:172][376]LogModuleManager: Shutting down and abandoning module DeviceProfileEditor (416)
[2017.07.16-18.01.04:172][376]LogModuleManager: Shutting down and abandoning module UndoHistory (414)
[2017.07.16-18.01.04:172][376]LogModuleManager: Shutting down and abandoning module UserFeedback (412)
[2017.07.16-18.01.04:172][376]LogModuleManager: Shutting down and abandoning module XmlParser (410)
[2017.07.16-18.01.04:172][376]LogModuleManager: Shutting down and abandoning module Blutility (408)
[2017.07.16-18.01.04:172][376]LogModuleManager: Shutting down and abandoning module ProjectSettingsViewer (406)
[2017.07.16-18.01.04:172][376]LogModuleManager: Shutting down and abandoning module ProjectTargetPlatformEditor (405)
[2017.07.16-18.01.04:172][376]LogModuleManager: Shutting down and abandoning module EditorSettingsViewer (402)
[2017.07.16-18.01.04:172][376]LogModuleManager: Shutting down and abandoning module SettingsEditor (400)
[2017.07.16-18.01.04:172][376]LogModuleManager: Shutting down and abandoning module ProjectLauncher (398)
[2017.07.16-18.01.04:172][376]LogModuleManager: Shutting down and abandoning module SessionFrontend (396)
[2017.07.16-18.01.04:172][376]LogModuleManager: Shutting down and abandoning module ProfilerClient (394)
[2017.07.16-18.01.04:172][376]LogModuleManager: Shutting down and abandoning module DeviceManager (392)
[2017.07.16-18.01.04:173][376]LogModuleManager: Shutting down and abandoning module TargetDeviceServices (391)
[2017.07.16-18.01.04:236][376]LogModuleManager: Shutting down and abandoning module AutomationController (388)
[2017.07.16-18.01.04:236][376]LogModuleManager: Shutting down and abandoning module AutomationWindow (386)
[2017.07.16-18.01.04:236][376]LogModuleManager: Shutting down and abandoning module Layers (384)
[2017.07.16-18.01.04:236][376]LogModuleManager: Shutting down and abandoning module ComponentVisualizers (382)
[2017.07.16-18.01.04:236][376]LogModuleManager: Shutting down and abandoning module DetailCustomizations (380)
[2017.07.16-18.01.04:236][376]LogModuleManager: Shutting down and abandoning module PackagesDialog (378)
[2017.07.16-18.01.04:236][376]LogModuleManager: Shutting down and abandoning module Persona (376)
[2017.07.16-18.01.04:236][376]LogModuleManager: Shutting down and abandoning module AdvancedPreviewScene (375)
[2017.07.16-18.01.04:236][376]LogModuleManager: Shutting down and abandoning module AnimGraph (373)
[2017.07.16-18.01.04:236][376]LogModuleManager: Shutting down and abandoning module Kismet (370)
[2017.07.16-18.01.04:237][376]LogModuleManager: Shutting down and abandoning module ClassViewer (368)
[2017.07.16-18.01.04:237][376]LogModuleManager: Shutting down and abandoning module Toolbox (366)
[2017.07.16-18.01.04:237][376]LogModuleManager: Shutting down and abandoning module ModuleUI (364)
[2017.07.16-18.01.04:237][376]LogModuleManager: Shutting down and abandoning module MovieSceneTools (362)
[2017.07.16-18.01.04:237][376]LogModuleManager: Shutting down and abandoning module OutputLog (360)
[2017.07.16-18.01.04:237][376]LogModuleManager: Shutting down and abandoning module GammaUI (358)
[2017.07.16-18.01.04:237][376]LogModuleManager: Shutting down and abandoning module Documentation (356)
[2017.07.16-18.01.04:237][376]LogModuleManager: Shutting down and abandoning module MovieSceneTracks (354)
[2017.07.16-18.01.04:237][376]LogModuleManager: Shutting down and abandoning module MovieScene (352)
[2017.07.16-18.01.04:237][376]LogModuleManager: Shutting down and abandoning module Niagara (350)
[2017.07.16-18.01.04:237][376]LogModuleManager: Shutting down and abandoning module NiagaraEditor (349)
[2017.07.16-18.01.04:237][376]LogModuleManager: Shutting down and abandoning module StreamingPauseRendering (346)
[2017.07.16-18.01.04:237][376]LogModuleManager: Shutting down and abandoning module AnalyticsET (344)
[2017.07.16-18.01.04:237][376]LogModuleManager: Shutting down and abandoning module PortalServices (342)
[2017.07.16-18.01.04:237][376]LogModuleManager: Shutting down and abandoning module PortalRpc (340)
[2017.07.16-18.01.04:237][376]LogModuleManager: Shutting down and abandoning module MessagingRpc (338)
[2017.07.16-18.01.04:237][376]LogModuleManager: Shutting down and abandoning module AIModule (336)
[2017.07.16-18.01.04:237][376]LogModuleManager: Shutting down and abandoning module GameplayDebugger (335)
[2017.07.16-18.01.04:237][376]LogModuleManager: Shutting down and abandoning module AITestSuite (333)
[2017.07.16-18.01.04:237][376]LogModuleManager: Shutting down and abandoning module ProfilerService (330)
[2017.07.16-18.01.04:417][376]LogModuleManager: Shutting down and abandoning module TaskGraph (328)
[2017.07.16-18.01.04:417][376]LogModuleManager: Shutting down and abandoning module SteamVRController (326)
[2017.07.16-18.01.04:417][376]LogModuleManager: Shutting down and abandoning module SteamVR (324)
[2017.07.16-18.01.04:417][376]LogModuleManager: Shutting down and abandoning module ProceduralMeshComponentEditor (322)
[2017.07.16-18.01.04:417][376]LogModuleManager: Shutting down and abandoning module ProceduralMeshComponent (320)
[2017.07.16-18.01.04:417][376]LogModuleManager: Shutting down and abandoning module OculusLibrary (318)
[2017.07.16-18.01.04:417][376]LogModuleManager: Shutting down and abandoning module OculusInput (316)
[2017.07.16-18.01.04:417][376]LogModuleManager: Shutting down and abandoning module MobilePatchingUtils (314)
[2017.07.16-18.01.04:417][376]LogModuleManager: Shutting down and abandoning module CustomMeshComponent (312)
[2017.07.16-18.01.04:417][376]LogModuleManager: Shutting down and abandoning module CableComponent (310)
[2017.07.16-18.01.04:417][376]LogModuleManager: Shutting down and abandoning module ArchVisCharacter (308)
[2017.07.16-18.01.04:417][376]LogModuleManager: Shutting down and abandoning module AndroidPermission (306)
[2017.07.16-18.01.04:417][376]LogModuleManager: Shutting down and abandoning module MediaPlayerEditor (302)
[2017.07.16-18.01.04:417][376]LogModuleManager: Shutting down and abandoning module HTML5Networking (300)
[2017.07.16-18.01.04:417][376]LogModuleManager: Shutting down and abandoning module AlembicImporter (298)
[2017.07.16-18.01.04:417][376]LogModuleManager: Shutting down and abandoning module AlembicLibrary (297)
[2017.07.16-18.01.04:417][376]LogModuleManager: Shutting down and abandoning module GeometryCache (296)
[2017.07.16-18.01.04:417][376]LogModuleManager: Shutting down and abandoning module GeometryCacheEd (295)
[2017.07.16-18.01.04:417][376]LogModuleManager: Shutting down and abandoning module SuperSearchEditor (290)
[2017.07.16-18.01.04:417][376]LogModuleManager: Shutting down and abandoning module SuperSearch (289)
[2017.07.16-18.01.04:418][376]LogModuleManager: Shutting down and abandoning module SpeedTreeImporter (286)
[2017.07.16-18.01.04:418][376]LogModuleManager: Shutting down and abandoning module PluginBrowser (284)
[2017.07.16-18.01.04:418][376]LogModuleManager: Shutting down and abandoning module MobileLauncherProfileWizard (282)
[2017.07.16-18.01.04:418][376]LogModuleManager: Shutting down and abandoning module VisualStudioSourceCodeAccess (280)
[2017.07.16-18.01.04:418][376]LogModuleManager: Shutting down and abandoning module DesktopPlatform (279)
[2017.07.16-18.01.04:418][376]LogModuleManager: Shutting down and abandoning module UObjectPlugin (276)
[2017.07.16-18.01.04:418][376]LogModuleManager: Shutting down and abandoning module SubversionSourceControl (274)
[2017.07.16-18.01.04:418][376]LogModuleManager: Shutting down and abandoning module PerforceSourceControl (272)
[2017.07.16-18.01.04:418][376]LogModuleManager: Shutting down and abandoning module GitSourceControl (270)
[2017.07.16-18.01.04:418][376]LogModuleManager: Shutting down and abandoning module SourceControl (269)
[2017.07.16-18.01.04:418][376]LogModuleManager: Shutting down and abandoning module LightPropagationVolumeEditor (266)
[2017.07.16-18.01.04:418][376]LogModuleManager: Shutting down and abandoning module PaperTiledImporter (264)
[2017.07.16-18.01.04:418][376]LogModuleManager: Shutting down and abandoning module PaperSpriteSheetImporter (262)
[2017.07.16-18.01.04:418][376]LogModuleManager: Shutting down and abandoning module Paper2DEditor (260)
[2017.07.16-18.01.04:418][376]LogModuleManager: Shutting down and abandoning module MeshPaint (259)
[2017.07.16-18.01.04:418][376]LogModuleManager: Shutting down and abandoning module LevelEditor (257)
[2017.07.16-18.01.04:419][376]LogModuleManager: Shutting down and abandoning module PixelInspectorModule (256)
[2017.07.16-18.01.04:419][376]LogModuleManager: Shutting down and abandoning module MainFrame (254)
[2017.07.16-18.01.04:419][376]LogModuleManager: Shutting down and abandoning module HotReload (253)
[2017.07.16-18.01.04:419][376]LogDirectoryWatcher: A directory notification for 'C:/Users/pears/Desktop/Tank2/TankFight/BattleTank/Binaries/Win64' was aborted.
[2017.07.16-18.01.04:420][376]LogModuleManager: Shutting down and abandoning module BattleTank (248)
[2017.07.16-18.01.04:420][376]LogModuleManager: Shutting down and abandoning module PhysXVehiclesEditor (246)
[2017.07.16-18.01.04:420][376]LogModuleManager: Shutting down and abandoning module PhysXVehicles (244)
[2017.07.16-18.01.04:420][376]LogModuleManager: Shutting down and abandoning module LocationServicesBPLibrary (242)
[2017.07.16-18.01.04:420][376]LogModuleManager: Shutting down and abandoning module ImmediatePhysicsEditor (240)
[2017.07.16-18.01.04:420][376]LogModuleManager: Shutting down and abandoning module ImmediatePhysics (238)
[2017.07.16-18.01.04:420][376]LogModuleManager: Shutting down and abandoning module UdpMessaging (236)
[2017.07.16-18.01.04:521][376]LogModuleManager: Shutting down and abandoning module TcpMessaging (234)
[2017.07.16-18.01.04:621][376]LogModuleManager: Shutting down and abandoning module GameplayTagsEditor (232)
[2017.07.16-18.01.04:621][376]LogModuleManager: Shutting down and abandoning module FacialAnimationEditor (230)
[2017.07.16-18.01.04:621][376]LogModuleManager: Shutting down and abandoning module FacialAnimation (228)
[2017.07.16-18.01.04:621][376]LogModuleManager: Shutting down and abandoning module AssetManagerEditor (226)
[2017.07.16-18.01.04:621][376]LogModuleManager: Shutting down and abandoning module GraphEditor (225)
[2017.07.16-18.01.04:621][376]LogModuleManager: Shutting down and abandoning module ContentBrowser (223)
[2017.07.16-18.01.04:623][376]LogModuleManager: Shutting down and abandoning module LightPropagationVolumeRuntime (220)
[2017.07.16-18.01.04:623][376]LogModuleManager: Shutting down and abandoning module Paper2D (218)
[2017.07.16-18.01.04:623][376]LogModuleManager: Shutting down and abandoning module WindowsMoviePlayer (216)
[2017.07.16-18.01.04:623][376]LogModuleManager: Shutting down and abandoning module WmfMedia (214)
[2017.07.16-18.01.04:623][376]LogModuleManager: Shutting down and abandoning module ClothingSystemEditor (212)
[2017.07.16-18.01.04:623][376]LogModuleManager: Shutting down and abandoning module ClothingSystemRuntime (210)
[2017.07.16-18.01.04:623][376]LogModuleManager: Shutting down and abandoning module MediaAssets (208)
[2017.07.16-18.01.04:623][376]LogModuleManager: Shutting down and abandoning module GameLiveStreaming (206)
[2017.07.16-18.01.04:624][376]LogModuleManager: Shutting down and abandoning module VREditor (204)
[2017.07.16-18.01.04:624][376]LogModuleManager: Shutting down and abandoning module StringTableEditor (202)
[2017.07.16-18.01.04:624][376]LogModuleManager: Shutting down and abandoning module GameplayTasksEditor (200)
[2017.07.16-18.01.04:624][376]LogModuleManager: Shutting down and abandoning module BehaviorTreeEditor (198)
[2017.07.16-18.01.04:624][376]LogModuleManager: Shutting down and abandoning module FunctionalTesting (196)
[2017.07.16-18.01.04:624][376]LogModuleManager: Shutting down and abandoning module CollisionAnalyzer (194)
[2017.07.16-18.01.04:624][376]LogModuleManager: Shutting down and abandoning module UMG (192)
[2017.07.16-18.01.04:624][376]LogModuleManager: Shutting down and abandoning module UMGEditor (191)
[2017.07.16-18.01.04:624][376]LogModuleManager: Shutting down and abandoning module Sequencer (190)
[2017.07.16-18.01.04:624][376]LogModuleManager: Shutting down and abandoning module AssetTools (188)
[2017.07.16-18.01.04:624][376]LogModuleManager: Shutting down and abandoning module MessageLog (187)
[2017.07.16-18.01.04:624][376]LogModuleManager: Shutting down and abandoning module WorkspaceMenuStructure (186)
[2017.07.16-18.01.04:624][376]LogModuleManager: Shutting down and abandoning module SlateReflector (180)
[2017.07.16-18.01.04:624][376]LogModuleManager: Shutting down and abandoning module Slate (178)
[2017.07.16-18.01.04:624][376]LogModuleManager: Shutting down and abandoning module EditorStyle (176)
[2017.07.16-18.01.04:628][376]LogModuleManager: Shutting down and abandoning module SourceCodeAccess (174)
[2017.07.16-18.01.04:628][376]LogModuleManager: Shutting down and abandoning module HeadMountedDisplay (172)
[2017.07.16-18.01.04:628][376]LogModuleManager: Shutting down and abandoning module XAudio2 (170)
[2017.07.16-18.01.04:629][376]LogModuleManager: Shutting down and abandoning module Networking (168)
[2017.07.16-18.01.04:629][376]LogModuleManager: Shutting down and abandoning module Core (164)
[2017.07.16-18.01.04:629][376]LogModuleManager: Shutting down and abandoning module AssetRegistry (162)
[2017.07.16-18.01.04:789][376]LogDirectoryWatcher: A directory notification for '../../../Engine/Content/' was aborted.
[2017.07.16-18.01.04:789][376]LogDirectoryWatcher: A directory notification for 'C:/Users/pears/Desktop/Tank2/TankFight/BattleTank/Content/' was aborted.
[2017.07.16-18.01.04:789][376]LogDirectoryWatcher: A directory notification for '../../../Engine/Plugins/2D/Paper2D/Content/' was aborted.
[2017.07.16-18.01.04:789][376]LogDirectoryWatcher: A directory notification for '../../../Engine/Plugins/Runtime/GearVR/Content/' was aborted.
[2017.07.16-18.01.04:794][376]LogModuleManager: Shutting down and abandoning module DirectoryWatcher (161)
[2017.07.16-18.01.04:795][376]LogModuleManager: Shutting down and abandoning module KismetCompiler (158)
[2017.07.16-18.01.04:795][376]LogModuleManager: Shutting down and abandoning module LevelSequence (156)
[2017.07.16-18.01.04:795][376]LogModuleManager: Shutting down and abandoning module PhysXFormats (154)
[2017.07.16-18.01.04:795][376]LogModuleManager: Shutting down and abandoning module MeshUtilities (152)
[2017.07.16-18.01.04:795][376]LogModuleManager: Shutting down and abandoning module SimplygonSwarm (151)
[2017.07.16-18.01.04:795][376]LogModuleManager: Shutting down and abandoning module SimplygonMeshReduction (149)
[2017.07.16-18.01.04:795][376]LogModuleManager: Shutting down and abandoning module QuadricMeshReduction (147)
[2017.07.16-18.01.04:795][376]LogModuleManager: Shutting down and abandoning module DerivedDataCache (144)
[2017.07.16-18.01.05:150][376]LogDerivedDataCache: Shutdown
[2017.07.16-18.01.05:150][376]LogModuleManager: Shutting down and abandoning module TargetPlatform (142)
[2017.07.16-18.01.05:150][376]LogModuleManager: Shutting down and abandoning module VulkanShaderFormat (141)
[2017.07.16-18.01.05:150][376]LogModuleManager: Shutting down and abandoning module ShaderFormatVectorVM (139)
[2017.07.16-18.01.05:150][376]LogModuleManager: Shutting down and abandoning module ShaderFormatOpenGL (137)
[2017.07.16-18.01.05:150][376]LogModuleManager: Shutting down and abandoning module ShaderFormatD3D (135)
[2017.07.16-18.01.05:150][376]LogModuleManager: Shutting down and abandoning module MetalShaderFormat (133)
[2017.07.16-18.01.05:150][376]LogModuleManager: Shutting down and abandoning module TextureFormatUncompressed (131)
[2017.07.16-18.01.05:150][376]LogModuleManager: Shutting down and abandoning module TextureFormatPVR (129)
[2017.07.16-18.01.05:150][376]LogModuleManager: Shutting down and abandoning module TextureFormatDXT (127)
[2017.07.16-18.01.05:150][376]LogModuleManager: Shutting down and abandoning module TextureFormatIntelISPCTexComp (125)
[2017.07.16-18.01.05:150][376]LogModuleManager: Shutting down and abandoning module TextureFormatASTC (123)
[2017.07.16-18.01.05:150][376]LogModuleManager: Shutting down and abandoning module ImageWrapper (122)
[2017.07.16-18.01.05:150][376]LogModuleManager: Shutting down and abandoning module TextureFormatAndroid (119)
[2017.07.16-18.01.05:150][376]LogModuleManager: Shutting down and abandoning module AudioFormatOpus (117)
[2017.07.16-18.01.05:150][376]LogModuleManager: Shutting down and abandoning module AudioFormatOgg (115)
[2017.07.16-18.01.05:150][376]LogModuleManager: Shutting down and abandoning module AudioFormatADPCM (113)
[2017.07.16-18.01.05:150][376]LogModuleManager: Shutting down and abandoning module LinuxTargetPlatform (111)
[2017.07.16-18.01.05:150][376]LogModuleManager: Shutting down and abandoning module LinuxServerTargetPlatform (109)
[2017.07.16-18.01.05:150][376]LogModuleManager: Shutting down and abandoning module LinuxNoEditorTargetPlatform (107)
[2017.07.16-18.01.05:150][376]LogModuleManager: Shutting down and abandoning module LinuxClientTargetPlatform (105)
[2017.07.16-18.01.05:150][376]LogModuleManager: Shutting down and abandoning module TVOSTargetPlatform (103)
[2017.07.16-18.01.05:150][376]LogModuleManager: Shutting down and abandoning module Messaging (101)
[2017.07.16-18.01.05:150][376]LogModuleManager: Shutting down and abandoning module IOSTargetPlatform (99)
[2017.07.16-18.01.05:151][376]LogModuleManager: Shutting down and abandoning module HTML5TargetPlatform (97)
[2017.07.16-18.01.05:151][376]LogModuleManager: Shutting down and abandoning module Android_PVRTCTargetPlatform (95)
[2017.07.16-18.01.05:151][376]LogModuleManager: Shutting down and abandoning module Android_MultiTargetPlatform (93)
[2017.07.16-18.01.05:151][376]LogModuleManager: Shutting down and abandoning module Android_ETC2TargetPlatform (91)
[2017.07.16-18.01.05:151][376]LogModuleManager: Shutting down and abandoning module Android_ETC1TargetPlatform (89)
[2017.07.16-18.01.05:151][376]LogModuleManager: Shutting down and abandoning module Android_DXTTargetPlatform (87)
[2017.07.16-18.01.05:151][376]LogModuleManager: Shutting down and abandoning module Android_ATCTargetPlatform (85)
[2017.07.16-18.01.05:151][376]LogModuleManager: Shutting down and abandoning module Android_ASTCTargetPlatform (83)
[2017.07.16-18.01.05:151][376]LogModuleManager: Shutting down and abandoning module AndroidTargetPlatform (81)
[2017.07.16-18.01.05:151][376]LogModuleManager: Shutting down and abandoning module WindowsTargetPlatform (79)
[2017.07.16-18.01.05:151][376]LogModuleManager: Shutting down and abandoning module WindowsServerTargetPlatform (77)
[2017.07.16-18.01.05:151][376]LogModuleManager: Shutting down and abandoning module WindowsNoEditorTargetPlatform (75)
[2017.07.16-18.01.05:151][376]LogModuleManager: Shutting down and abandoning module WindowsClientTargetPlatform (73)
[2017.07.16-18.01.05:151][376]LogModuleManager: Shutting down and abandoning module MacTargetPlatform (71)
[2017.07.16-18.01.05:151][376]LogModuleManager: Shutting down and abandoning module MacServerTargetPlatform (69)
[2017.07.16-18.01.05:151][376]LogModuleManager: Shutting down and abandoning module MacNoEditorTargetPlatform (67)
[2017.07.16-18.01.05:151][376]LogModuleManager: Shutting down and abandoning module MacClientTargetPlatform (65)
[2017.07.16-18.01.05:151][376]LogModuleManager: Shutting down and abandoning module AllDesktopTargetPlatform (63)
[2017.07.16-18.01.05:151][376]LogModuleManager: Shutting down and abandoning module InputCore (60)
[2017.07.16-18.01.05:151][376]LogModuleManager: Shutting down and abandoning module Settings (58)
[2017.07.16-18.01.05:151][376]LogModuleManager: Shutting down and abandoning module OculusRift (56)
[2017.07.16-18.01.05:151][376]LogModuleManager: Shutting down and abandoning module GearVRController (54)
[2017.07.16-18.01.05:151][376]LogModuleManager: Shutting down and abandoning module GearVR (52)
[2017.07.16-18.01.05:151][376]LogModuleManager: Shutting down and abandoning module ExampleDeviceProfileSelector (50)
[2017.07.16-18.01.05:151][376]LogModuleManager: Shutting down and abandoning module OnlineBlueprintSupport (48)
[2017.07.16-18.01.05:151][376]LogModuleManager: Shutting down and abandoning module OnlineSubsystem (44)
[2017.07.16-18.01.05:151][376]LogOnline:Display: Unloading online subsystem: NULL
[2017.07.16-18.01.05:151][376]LogModuleManager: Shutting down and abandoning module XMPP (43)
[2017.07.16-18.01.05:151][376]LogModuleManager: Shutting down and abandoning module HTTP (41)
[2017.07.16-18.01.05:151][376]LogHttp:Display: Http module shutting down, but needs to wait on 1 outstanding Http requests:
[2017.07.16-18.01.05:151][376]LogHttp:Display: 	verb=[POST] url=[https://datarouter.ol.epicgames.com/datarouter/api/v1/public/data?SessionID=%7BAA15AF6D-47A8-20BF-4376-B0AAEBC6DF58%7D&AppID=UEEditor.Rocket.Release&AppVersion=4.16.2-3514769%2B%2B%2BUE4%2BRelease-4.16&UserID=dc5c6c5d4f541c24813d278f4a0c076b%7Cf8595dc75d1647df917ba5e1e575f5c5%7C9fbfbf74-a301-4aaf-a30e-0f190789faf1&AppEnvironment=datacollector-binary&UploadType=eteventstream] status=Processing
[2017.07.16-18.01.05:168][376]LogModuleManager: Shutting down and abandoning module SSL (40)
[2017.07.16-18.01.05:171][376]LogModuleManager: Shutting down and abandoning module HTTPChunkInstaller (36)
[2017.07.16-18.01.05:171][376]LogModuleManager: Shutting down and abandoning module AnimationModifiers (34)
[2017.07.16-18.01.05:171][376]LogModuleManager: Shutting down and abandoning module PropertyEditor (33)
[2017.07.16-18.01.05:171][376]LogModuleManager: Shutting down and abandoning module AudioEditor (30)
[2017.07.16-18.01.05:171][376]LogModuleManager: Shutting down and abandoning module TextureCompressor (28)
[2017.07.16-18.01.05:171][376]LogModuleManager: Shutting down and abandoning module ShaderCore (26)
[2017.07.16-18.01.05:171][376]LogModuleManager: Shutting down and abandoning module Landscape (24)
[2017.07.16-18.01.05:171][376]LogModuleManager: Shutting down and abandoning module SlateRHIRenderer (22)
[2017.07.16-18.01.05:172][376]LogModuleManager: Shutting down and abandoning module OpenGLDrv (20)
[2017.07.16-18.01.05:172][376]LogModuleManager: Shutting down and abandoning module D3D11RHI (18)
[2017.07.16-18.01.05:172][376]LogModuleManager: Shutting down and abandoning module AnimGraphRuntime (16)
[2017.07.16-18.01.05:172][376]LogModuleManager: Shutting down and abandoning module Renderer (14)
[2017.07.16-18.01.05:172][376]LogModuleManager: Shutting down and abandoning module Engine (12)
[2017.07.16-18.01.05:172][376]LogModuleManager: Shutting down and abandoning module CoreUObject (10)
[2017.07.16-18.01.05:172][376]LogModuleManager: Shutting down and abandoning module NetworkFile (8)
[2017.07.16-18.01.05:172][376]LogModuleManager: Shutting down and abandoning module StreamingFile (6)
[2017.07.16-18.01.05:173][376]LogModuleManager: Shutting down and abandoning module SandboxFile (4)
[2017.07.16-18.01.05:173][376]LogModuleManager: Shutting down and abandoning module PakFile (2)
[2017.07.16-18.01.05:177][376]LogExit: Exiting.
[2017.07.16-18.01.05:193][376]Log file closed, 07/16/17 11:01:05
